<?xml version="1.0" encoding="UTF-8"?>
<testng-results skipped="0" failed="0" ignored="0" total="2" passed="2">
  <reporter-output>
  </reporter-output>
  <suite name="Suite" duration-ms="6453" started-at="2020-09-10T07:48:29Z" finished-at="2020-09-10T07:48:36Z">
    <groups>
    </groups>
    <test name="Test" duration-ms="6453" started-at="2020-09-10T07:48:29Z" finished-at="2020-09-10T07:48:36Z">
      <class name="com.test.TestNoonAPI">
        <test-method status="PASS" signature="getData()[pri:0, instance:com.test.TestNoonAPI@147ed70f]" name="getData" is-config="true" duration-ms="12" started-at="2020-09-10T07:48:29Z" finished-at="2020-09-10T07:48:29Z">
          <reporter-output>
          </reporter-output>
        </test-method> <!-- getData -->
        <test-method status="PASS" signature="getRequestToken()[pri:1, instance:com.test.TestNoonAPI@147ed70f]" name="getRequestToken" duration-ms="4704" started-at="2020-09-10T07:48:29Z" finished-at="2020-09-10T07:48:34Z">
          <reporter-output>
          </reporter-output>
        </test-method> <!-- getRequestToken -->
        <test-method status="PASS" signature="getUsersTransactionHistory()[pri:2, instance:com.test.TestNoonAPI@147ed70f]" name="getUsersTransactionHistory" duration-ms="1721" started-at="2020-09-10T07:48:34Z" finished-at="2020-09-10T07:48:36Z">
          <reporter-output>
          </reporter-output>
        </test-method> <!-- getUsersTransactionHistory -->
      </class> <!-- com.test.TestNoonAPI -->
    </test> <!-- Test -->
  </suite> <!-- Suite -->
</testng-results>
